<?xml version="1.0" encoding="UTF-8"?>
<testsuite xmlns:xsi="http://www.w3.org/2001/XMLSchema-instance" xsi:noNamespaceSchemaLocation="https://maven.apache.org/surefire/maven-surefire-plugin/xsd/surefire-test-report-3.0.xsd" version="3.0" name="TestSuite" time="17.625" tests="2" errors="0" skipped="0" failures="0">
  <properties>
[...]
</properties>
  <testcase name="verifyAmazonHamburgerSubMenuPageTitle1[0, {TestName=verifyAmazonHamburgerSubMenuPageTitle1, UserName=, HamburgerMenuOption=Computers, Execute=Yes, Version=84.0, HamburgerSubMenu=Tablets, Browser=Chrome, Password=, ExpectedPageTitle=Amazon.com: Computers &amp; Accessories: Electronics: Computer Accessories &amp; Peripherals, Tablet Accessories &amp; More}](1)" classname="org.mln.testcases.AmazonHomePageTest" time="5.925">
    <system-err><![CDATA[ERROR StatusLogger Log4j2 could not find a logging implementation. Please add log4j-core to the classpath. Using SimpleLogger to log to the console...
Dec 19, 2022 4:03:03 PM org.openqa.selenium.remote.ProtocolHandshake createSession
INFO: Detected dialect: W3C
Dec 19, 2022 4:03:03 PM org.openqa.selenium.remote.ProtocolHandshake createSession
INFO: Detected dialect: W3C
]]></system-err>
  </testcase>
  <testcase name="verifyAmazonHamburgerSubMenuPageTitle2[0, {TestName=verifyAmazonHamburgerSubMenuPageTitle2, UserName=, HamburgerMenuOption=Computers, Execute=Yes, Version=84.0, HamburgerSubMenu=Tablets, Browser=Chrome, Password=, ExpectedPageTitle=Amazon.com: Computers &amp; Accessories: Electronics: Computer Accessories &amp; Peripherals, Tablet Accessories &amp; More}](1)" classname="org.mln.testcases.AmazonHomePageTest" time="7.895"/>
</testsuite>